Release 14.7 - xst P.20131013 (nt64)
Copyright (c) 1995-2013 Xilinx, Inc.  All rights reserved.
--> Parameter TMPDIR set to xst/projnav.tmp


Total REAL time to Xst completion: 0.00 secs
Total CPU time to Xst completion: 0.15 secs
 
--> Parameter xsthdpdir set to xst


Total REAL time to Xst completion: 0.00 secs
Total CPU time to Xst completion: 0.15 secs
 
--> Reading design: motor.prj

TABLE OF CONTENTS
  1) Synthesis Options Summary
  2) HDL Compilation
  3) Design Hierarchy Analysis
  4) HDL Analysis
  5) HDL Synthesis
     5.1) HDL Synthesis Report
  6) Advanced HDL Synthesis
     6.1) Advanced HDL Synthesis Report
  7) Low Level Synthesis
  8) Partition Report
  9) Final Report
	9.1) Device utilization summary
	9.2) Partition Resource Summary
	9.3) TIMING REPORT


=========================================================================
*                      Synthesis Options Summary                        *
=========================================================================
---- Source Parameters
Input File Name                    : "motor.prj"
Input Format                       : mixed
Ignore Synthesis Constraint File   : NO

---- Target Parameters
Output File Name                   : "motor"
Output Format                      : NGC
Target Device                      : xc3s500e-4-fg320

---- Source Options
Top Module Name                    : motor
Automatic FSM Extraction           : YES
FSM Encoding Algorithm             : Auto
Safe Implementation                : No
FSM Style                          : LUT
RAM Extraction                     : Yes
RAM Style                          : Auto
ROM Extraction                     : Yes
Mux Style                          : Auto
Decoder Extraction                 : YES
Priority Encoder Extraction        : Yes
Shift Register Extraction          : YES
Logical Shifter Extraction         : YES
XOR Collapsing                     : YES
ROM Style                          : Auto
Mux Extraction                     : Yes
Resource Sharing                   : YES
Asynchronous To Synchronous        : NO
Multiplier Style                   : Auto
Automatic Register Balancing       : No

---- Target Options
Add IO Buffers                     : YES
Global Maximum Fanout              : 500
Add Generic Clock Buffer(BUFG)     : 24
Register Duplication               : YES
Slice Packing                      : YES
Optimize Instantiated Primitives   : NO
Use Clock Enable                   : Yes
Use Synchronous Set                : Yes
Use Synchronous Reset              : Yes
Pack IO Registers into IOBs        : Auto
Equivalent register Removal        : YES

---- General Options
Optimization Goal                  : Speed
Optimization Effort                : 1
Keep Hierarchy                     : No
Netlist Hierarchy                  : As_Optimized
RTL Output                         : Yes
Global Optimization                : AllClockNets
Read Cores                         : YES
Write Timing Constraints           : NO
Cross Clock Analysis               : NO
Hierarchy Separator                : /
Bus Delimiter                      : <>
Case Specifier                     : Maintain
Slice Utilization Ratio            : 100
BRAM Utilization Ratio             : 100
Verilog 2001                       : YES
Auto BRAM Packing                  : NO
Slice Utilization Ratio Delta      : 5

=========================================================================


=========================================================================
*                          HDL Compilation                              *
=========================================================================
Compiling vhdl file "C:/Users/omara/OneDrive/Escritorio/Proyecto FInal/RobotMovil/motor.vhd" in Library work.
Architecture control of Entity motor is up to date.

=========================================================================
*                     Design Hierarchy Analysis                         *
=========================================================================
Analyzing hierarchy for entity <motor> in library <work> (architecture <control>).


=========================================================================
*                            HDL Analysis                               *
=========================================================================
Analyzing Entity <motor> in library <work> (Architecture <control>).
Entity <motor> analyzed. Unit <motor> generated.


=========================================================================
*                           HDL Synthesis                               *
=========================================================================

Performing bidirectional port resolution...

Synthesizing Unit <motor>.
    Related source file is "C:/Users/omara/OneDrive/Escritorio/Proyecto FInal/RobotMovil/motor.vhd".
    Using one-hot encoding for signal <men>.
    Found 4-bit up counter for signal <q>.
    Found 3-bit register for signal <men>.
    Found 4-bit comparator equal for signal <q$cmp_eq0000> created at line 20.
    Summary:
	inferred   1 Counter(s).
	inferred   1 Comparator(s).
Unit <motor> synthesized.


=========================================================================
HDL Synthesis Report

Macro Statistics
# Counters                                             : 1
 4-bit up counter                                      : 1
# Registers                                            : 1
 3-bit register                                        : 1
# Comparators                                          : 1
 4-bit comparator equal                                : 1

=========================================================================

=========================================================================
*                       Advanced HDL Synthesis                          *
=========================================================================


=========================================================================
Advanced HDL Synthesis Report

Macro Statistics
# Counters                                             : 1
 4-bit up counter                                      : 1
# Registers                                            : 3
 Flip-Flops                                            : 3
# Comparators                                          : 1
 4-bit comparator equal                                : 1

=========================================================================

=========================================================================
*                         Low Level Synthesis                           *
=========================================================================
WARNING:Xst:2677 - Node <men_0> of sequential type is unconnected in block <motor>.

Optimizing unit <motor> ...

Mapping all equations...
Building and optimizing final netlist ...
Found area constraint ratio of 100 (+ 5) on block motor, actual ratio is 0.

Final Macro Processing ...

=========================================================================
Final Register Report

Macro Statistics
# Registers                                            : 6
 Flip-Flops                                            : 6

=========================================================================

=========================================================================
*                           Partition Report                            *
=========================================================================

Partition Implementation Status
-------------------------------

  No Partitions were found in this design.

-------------------------------

=========================================================================
*                            Final Report                               *
=========================================================================
Final Results
RTL Top Level Output File Name     : motor.ngr
Top Level Output File Name         : motor
Output Format                      : NGC
Optimization Goal                  : Speed
Keep Hierarchy                     : No

Design Statistics
# IOs                              : 13

Cell Usage :
# BELS                             : 10
#      INV                         : 1
#      LUT2                        : 1
#      LUT2_L                      : 1
#      LUT3                        : 3
#      LUT4                        : 2
#      LUT4_D                      : 2
# FlipFlops/Latches                : 6
#      FDC                         : 2
#      FDCE                        : 4
# Clock Buffers                    : 1
#      BUFGP                       : 1
# IO Buffers                       : 12
#      IBUF                        : 6
#      OBUF                        : 6
=========================================================================

Device utilization summary:
---------------------------

Selected Device : 3s500efg320-4 

 Number of Slices:                        5  out of   4656     0%  
 Number of Slice Flip Flops:              6  out of   9312     0%  
 Number of 4 input LUTs:                 10  out of   9312     0%  
 Number of IOs:                          13
 Number of bonded IOBs:                  13  out of    232     5%  
 Number of GCLKs:                         1  out of     24     4%  

---------------------------
Partition Resource Summary:
---------------------------

  No Partitions were found in this design.

---------------------------


=========================================================================
TIMING REPORT

NOTE: THESE TIMING NUMBERS ARE ONLY A SYNTHESIS ESTIMATE.
      FOR ACCURATE TIMING INFORMATION PLEASE REFER TO THE TRACE REPORT
      GENERATED AFTER PLACE-and-ROUTE.

Clock Information:
------------------
-----------------------------------+------------------------+-------+
Clock Signal                       | Clock buffer(FF name)  | Load  |
-----------------------------------+------------------------+-------+
clk                                | BUFGP                  | 6     |
-----------------------------------+------------------------+-------+

Asynchronous Control Signals Information:
----------------------------------------
-----------------------------------+------------------------+-------+
Control Signal                     | Buffer(FF name)        | Load  |
-----------------------------------+------------------------+-------+
reset                              | IBUF                   | 6     |
-----------------------------------+------------------------+-------+

Timing Summary:
---------------
Speed Grade: -4

   Minimum period: 4.214ns (Maximum Frequency: 237.304MHz)
   Minimum input arrival time before clock: 4.845ns
   Maximum output required time after clock: 4.571ns
   Maximum combinational path delay: No path found

Timing Detail:
--------------
All values displayed in nanoseconds (ns)

=========================================================================
Timing constraint: Default period analysis for Clock 'clk'
  Clock period: 4.214ns (frequency: 237.304MHz)
  Total number of paths / destination ports: 34 / 10
-------------------------------------------------------------------------
Delay:               4.214ns (Levels of Logic = 2)
  Source:            q_2 (FF)
  Destination:       q_0 (FF)
  Source Clock:      clk rising
  Destination Clock: clk rising

  Data Path: q_2 to q_0
                                Gate     Net
    Cell:in->out      fanout   Delay   Delay  Logical Name (Net Name)
    ----------------------------------------  ------------
     FDCE:C->Q             4   0.591   0.591  q_2 (q_2)
     LUT4_D:I3->O          2   0.704   0.482  men_mux0002<0>41 (men_mux0002<0>_bdd4)
     LUT4:I2->O            4   0.704   0.587  q_cmp_eq0000_inv11 (q_cmp_eq0000_inv)
     FDCE:CE                   0.555          q_0
    ----------------------------------------
    Total                      4.214ns (2.554ns logic, 1.660ns route)
                                       (60.6% logic, 39.4% route)

=========================================================================
Timing constraint: Default OFFSET IN BEFORE for Clock 'clk'
  Total number of paths / destination ports: 26 / 6
-------------------------------------------------------------------------
Offset:              4.845ns (Levels of Logic = 3)
  Source:            ftiempo<3> (PAD)
  Destination:       q_0 (FF)
  Destination Clock: clk rising

  Data Path: ftiempo<3> to q_0
                                Gate     Net
    Cell:in->out      fanout   Delay   Delay  Logical Name (Net Name)
    ----------------------------------------  ------------
     IBUF:I->O             1   1.218   0.595  ftiempo_3_IBUF (ftiempo_3_IBUF)
     LUT4_D:I0->O          2   0.704   0.482  men_mux0002<0>41 (men_mux0002<0>_bdd4)
     LUT4:I2->O            4   0.704   0.587  q_cmp_eq0000_inv11 (q_cmp_eq0000_inv)
     FDCE:CE                   0.555          q_0
    ----------------------------------------
    Total                      4.845ns (3.181ns logic, 1.664ns route)
                                       (65.7% logic, 34.3% route)

=========================================================================
Timing constraint: Default OFFSET OUT AFTER for Clock 'clk'
  Total number of paths / destination ports: 6 / 6
-------------------------------------------------------------------------
Offset:              4.571ns (Levels of Logic = 1)
  Source:            q_0 (FF)
  Destination:       q<0> (PAD)
  Source Clock:      clk rising

  Data Path: q_0 to q<0>
                                Gate     Net
    Cell:in->out      fanout   Delay   Delay  Logical Name (Net Name)
    ----------------------------------------  ------------
     FDCE:C->Q             7   0.591   0.708  q_0 (q_0)
     OBUF:I->O                 3.272          q_0_OBUF (q<0>)
    ----------------------------------------
    Total                      4.571ns (3.863ns logic, 0.708ns route)
                                       (84.5% logic, 15.5% route)

=========================================================================


Total REAL time to Xst completion: 7.00 secs
Total CPU time to Xst completion: 6.33 secs
 
--> 

Total memory usage is 4497132 kilobytes

Number of errors   :    0 (   0 filtered)
Number of warnings :    1 (   0 filtered)
Number of infos    :    0 (   0 filtered)

